<?xml version="1.0" encoding="UTF-8"?>
<!-- Generated by org.testng.reporters.JUnitReportReporter -->
<testsuite skipped="0" hostname="hari-PC" name="com.UII.A" tests="1" failures="0" timestamp="14 Sep 2021 12:57:47 GMT" time="0.010" errors="0">
  <testcase name="m1" time="0.010" classname="com.UII.A"/>
</testsuite> <!-- com.UII.A -->
